Arguments: 
  C:\Program Files\nodejs\node.exe C:\Users\User\AppData\Roaming\npm\node_modules\yarn\bin\yarn.js add react-native-webview

PATH: 
  C:\Windows\system32;C:\Windows;C:\Windows\System32\Wbem;C:\Windows\System32\WindowsPowerShell\v1.0\;C:\Windows\System32\OpenSSH\;C:\Program Files (x86)\Microsoft SQL Server\100\Tools\Binn\;C:\Program Files\Microsoft SQL Server\100\Tools\Binn\;C:\Program Files\Microsoft SQL Server\100\DTS\Binn\;C:\Program Files\PuTTY\;C:\Program Files\Git\cmd;C:\server\php;C:\ProgramData\ComposerSetup\bin;C:\Program Files (x86)\Windows Live\Shared;C:\Program Files\nodejs\;C:\Users\User\AppData\Local\Android\Sdk;C:\Users\User\AppData\Local\Android\Sdk\emulator;C:\Users\User\AppData\Local\Android\Sdk\platform-tools;C:\Program Files\Java\jdk-11.0.16\bin;C:\Users\User\AppData\Local\Microsoft\WindowsApps;C:\Users\User\AppData\Local\Programs\Microsoft VS Code\bin;C:\Users\User\AppData\Local\GitHubDesktop\bin;C:\server\php;C:\Users\User\AppData\Roaming\Composer\vendor\bin;C:\Users\User\AppData\Roaming\npm;C:\Users\User\AppData\Local\Android\Sdk;C:\Users\User\AppData\Local\Android\Sdk\emulator;C:\Users\User\AppData\Local\Android\Sdk\platform-tools;C:\Program Files\Java\jdk-11.0.16\bin;

Yarn version: 
  1.22.19

Node version: 
  16.16.0

Platform: 
  win32 x64

Trace: 
  Error: EPERM: operation not permitted, unlink 'Z:\projects\fanoss\node_modules\@jest\create-cache-key-function\node_modules\ansi-styles'

npm manifest: 
  {
    "name": "fanoss",
    "version": "1.0.0",
    "main": "node_modules/expo/AppEntry.js",
    "scripts": {
      "start": "expo start",
      "android": "expo start --android",
      "ios": "expo start --ios",
      "web": "expo start --web",
      "eject": "expo eject"
    },
    "dependencies": {
      "@react-navigation/bottom-tabs": "^6.3.2",
      "@react-navigation/native": "^6.0.11",
      "@react-navigation/native-stack": "^6.7.0",
      "@react-navigation/stack": "^6.2.2",
      "@types/faker": "^6.6.9",
      "body-parser": "^1.20.0",
      "expo": "~45.0.0",
      "expo-status-bar": "~1.3.0",
      "express": "^4.18.1",
      "moment": "^2.29.4",
      "mysqli": "^3.1.4",
      "react": "17.0.2",
      "react-dom": "17.0.2",
      "react-native": "0.68.2",
      "react-native-dropdown-select-list": "^1.0.18",
      "react-native-gesture-handler": "~2.2.1",
      "react-native-reanimated": "~2.8.0",
      "react-native-safe-area-context": "4.2.4",
      "react-native-screens": "~3.11.1",
      "react-native-vector-icons": "^9.2.0",
      "react-native-web": "0.17.7"
    },
    "devDependencies": {
      "@babel/core": "^7.12.9",
      "@faker-js/faker": "^7.4.0"
    },
    "private": true,
    "browserslist": [
    ">0.2%",
    "not dead",
    "not op_mini all"]
  }

yarn manifest: 
  No manifest

Lockfile: 
  No lockfile
